<?xml version="1.0" encoding="UTF-8"?>
<!-- Generated by org.testng.reporters.JUnitReportReporter -->
<testsuite hostname="7BD0PV2" failures="0" tests="1" name="com.e2sc.Tests.FirstTest" time="5.111" errors="0" timestamp="2021-11-22T17:24:32 IST" skipped="0">
  <testcase classname="com.e2sc.Tests.FirstTest" name="LaunchApp" time="5.111"/>
  <system-out/>
</testsuite> <!-- com.e2sc.Tests.FirstTest -->
